<?xml version="1.0" encoding="UTF-8"?>
<coverage generated="1781540928">
  <project timestamp="1781540928">
    <file name="/home/runner/work/state-transition-rule/state-transition-rule/src/Models/State.php">
      <class name="Aegisora\Rules\StateTransition\Models\State" namespace="global">
        <metrics complexity="4" methods="4" coveredmethods="4" conditionals="0" coveredconditionals="0" statements="4" coveredstatements="4" elements="8" coveredelements="8"/>
      </class>
      <line num="9" type="method" name="__construct" visibility="public" complexity="1" crap="1" count="9"/>
      <line num="12" type="stmt" count="9"/>
      <line num="15" type="method" name="create" visibility="public" complexity="1" crap="1" count="9"/>
      <line num="18" type="stmt" count="9"/>
      <line num="21" type="method" name="isEqual" visibility="public" complexity="1" crap="1" count="5"/>
      <line num="23" type="stmt" count="5"/>
      <line num="26" type="method" name="getName" visibility="public" complexity="1" crap="1" count="9"/>
      <line num="28" type="stmt" count="9"/>
      <metrics loc="31" ncloc="31" classes="1" methods="4" coveredmethods="4" conditionals="0" coveredconditionals="0" statements="4" coveredstatements="4" elements="8" coveredelements="8"/>
    </file>
    <file name="/home/runner/work/state-transition-rule/state-transition-rule/src/Models/StateTransition.php">
      <class name="Aegisora\Rules\StateTransition\Models\StateTransition" namespace="global">
        <metrics complexity="4" methods="4" coveredmethods="4" conditionals="0" coveredconditionals="0" statements="5" coveredstatements="5" elements="9" coveredelements="9"/>
      </class>
      <line num="10" type="method" name="__construct" visibility="public" complexity="1" crap="1" count="2"/>
      <line num="14" type="stmt" count="2"/>
      <line num="15" type="stmt" count="2"/>
      <line num="18" type="method" name="create" visibility="public" complexity="1" crap="1" count="2"/>
      <line num="22" type="stmt" count="2"/>
      <line num="25" type="method" name="getFrom" visibility="public" complexity="1" crap="1" count="2"/>
      <line num="27" type="stmt" count="2"/>
      <line num="30" type="method" name="getTo" visibility="public" complexity="1" crap="1" count="2"/>
      <line num="32" type="stmt" count="2"/>
      <metrics loc="35" ncloc="35" classes="1" methods="4" coveredmethods="4" conditionals="0" coveredconditionals="0" statements="5" coveredstatements="5" elements="9" coveredelements="9"/>
    </file>
    <file name="/home/runner/work/state-transition-rule/state-transition-rule/src/Models/StateTransitionMap.php">
      <class name="Aegisora\Rules\StateTransition\Models\StateTransitionMap" namespace="global">
        <metrics complexity="4" methods="4" coveredmethods="4" conditionals="0" coveredconditionals="0" statements="12" coveredstatements="12" elements="16" coveredelements="16"/>
      </class>
      <line num="15" type="method" name="__construct" visibility="public" complexity="1" crap="1" count="6"/>
      <line num="19" type="stmt" count="6"/>
      <line num="20" type="stmt" count="6"/>
      <line num="21" type="stmt" count="6"/>
      <line num="22" type="stmt" count="6"/>
      <line num="23" type="stmt" count="6"/>
      <line num="24" type="stmt" count="5"/>
      <line num="25" type="stmt" count="6"/>
      <line num="26" type="stmt" count="6"/>
      <line num="27" type="stmt" count="6"/>
      <line num="33" type="method" name="create" visibility="public" complexity="1" crap="1" count="6"/>
      <line num="37" type="stmt" count="6"/>
      <line num="40" type="method" name="getSourceState" visibility="public" complexity="1" crap="1" count="6"/>
      <line num="42" type="stmt" count="6"/>
      <line num="48" type="method" name="getTransitionStates" visibility="public" complexity="1" crap="1" count="6"/>
      <line num="50" type="stmt" count="6"/>
      <metrics loc="53" ncloc="43" classes="1" methods="4" coveredmethods="4" conditionals="0" coveredconditionals="0" statements="12" coveredstatements="12" elements="16" coveredelements="16"/>
    </file>
    <file name="/home/runner/work/state-transition-rule/state-transition-rule/src/Models/StateTransitionMaps.php">
      <class name="Aegisora\Rules\StateTransition\Models\StateTransitionMaps" namespace="global">
        <metrics complexity="12" methods="4" coveredmethods="3" conditionals="0" coveredconditionals="0" statements="28" coveredstatements="10" elements="32" coveredelements="13"/>
      </class>
      <line num="15" type="method" name="__construct" visibility="public" complexity="1" crap="1" count="3"/>
      <line num="18" type="stmt" count="3"/>
      <line num="19" type="stmt" count="3"/>
      <line num="20" type="stmt" count="3"/>
      <line num="21" type="stmt" count="3"/>
      <line num="22" type="stmt" count="2"/>
      <line num="23" type="stmt" count="3"/>
      <line num="24" type="stmt" count="3"/>
      <line num="25" type="stmt" count="3"/>
      <line num="31" type="method" name="createFromArray" visibility="public" complexity="9" crap="90" count="0"/>
      <line num="33" type="stmt" count="0"/>
      <line num="35" type="stmt" count="0"/>
      <line num="36" type="stmt" count="0"/>
      <line num="37" type="stmt" count="0"/>
      <line num="40" type="stmt" count="0"/>
      <line num="41" type="stmt" count="0"/>
      <line num="42" type="stmt" count="0"/>
      <line num="45" type="stmt" count="0"/>
      <line num="46" type="stmt" count="0"/>
      <line num="49" type="stmt" count="0"/>
      <line num="51" type="stmt" count="0"/>
      <line num="52" type="stmt" count="0"/>
      <line num="53" type="stmt" count="0"/>
      <line num="56" type="stmt" count="0"/>
      <line num="57" type="stmt" count="0"/>
      <line num="60" type="stmt" count="0"/>
      <line num="63" type="stmt" count="0"/>
      <line num="67" type="stmt" count="0"/>
      <line num="73" type="method" name="create" visibility="public" complexity="1" crap="1" count="3"/>
      <line num="75" type="stmt" count="3"/>
      <line num="81" type="method" name="getMaps" visibility="public" complexity="1" crap="1" count="3"/>
      <line num="83" type="stmt" count="3"/>
      <metrics loc="86" ncloc="71" classes="1" methods="4" coveredmethods="3" conditionals="0" coveredconditionals="0" statements="28" coveredstatements="10" elements="32" coveredelements="13"/>
    </file>
    <metrics files="4" loc="205" ncloc="180" classes="4" methods="16" coveredmethods="15" conditionals="0" coveredconditionals="0" statements="49" coveredstatements="31" elements="65" coveredelements="46"/>
  </project>
</coverage>
