<?xml version="1.0" encoding="UTF-8"?>
<coverage generated="1781442217">
  <project timestamp="1781442217">
    <file name="/home/runner/work/state-transition-rule/state-transition-rule/src/Models/State.php">
      <class name="Aegisora\Rules\StateTransition\Models\State" namespace="global">
        <metrics complexity="4" methods="4" coveredmethods="4" conditionals="0" coveredconditionals="0" statements="4" coveredstatements="4" elements="8" coveredelements="8"/>
      </class>
      <line num="9" type="method" name="__construct" visibility="public" complexity="1" crap="1" count="9"/>
      <line num="12" type="stmt" count="9"/>
      <line num="15" type="method" name="create" visibility="public" complexity="1" crap="1" count="9"/>
      <line num="18" type="stmt" count="9"/>
      <line num="21" type="method" name="isEqual" visibility="public" complexity="1" crap="1" count="5"/>
      <line num="23" type="stmt" count="5"/>
      <line num="26" type="method" name="getName" visibility="public" complexity="1" crap="1" count="9"/>
      <line num="28" type="stmt" count="9"/>
      <metrics loc="31" ncloc="31" classes="1" methods="4" coveredmethods="4" conditionals="0" coveredconditionals="0" statements="4" coveredstatements="4" elements="8" coveredelements="8"/>
    </file>
    <file name="/home/runner/work/state-transition-rule/state-transition-rule/src/Models/StateTransition.php">
      <class name="Aegisora\Rules\StateTransition\Models\StateTransition" namespace="global">
        <metrics complexity="4" methods="4" coveredmethods="4" conditionals="0" coveredconditionals="0" statements="5" coveredstatements="5" elements="9" coveredelements="9"/>
      </class>
      <line num="10" type="method" name="__construct" visibility="public" complexity="1" crap="1" count="2"/>
      <line num="14" type="stmt" count="2"/>
      <line num="15" type="stmt" count="2"/>
      <line num="18" type="method" name="create" visibility="public" complexity="1" crap="1" count="2"/>
      <line num="22" type="stmt" count="2"/>
      <line num="25" type="method" name="getFrom" visibility="public" complexity="1" crap="1" count="2"/>
      <line num="27" type="stmt" count="2"/>
      <line num="30" type="method" name="getTo" visibility="public" complexity="1" crap="1" count="2"/>
      <line num="32" type="stmt" count="2"/>
      <metrics loc="35" ncloc="35" classes="1" methods="4" coveredmethods="4" conditionals="0" coveredconditionals="0" statements="5" coveredstatements="5" elements="9" coveredelements="9"/>
    </file>
    <file name="/home/runner/work/state-transition-rule/state-transition-rule/src/Models/StateTransitionMap.php">
      <class name="Aegisora\Rules\StateTransition\Models\StateTransitionMap" namespace="global">
        <metrics complexity="4" methods="4" coveredmethods="0" conditionals="0" coveredconditionals="0" statements="10" coveredstatements="0" elements="14" coveredelements="0"/>
      </class>
      <line num="15" type="method" name="__construct" visibility="public" complexity="1" crap="2" count="0"/>
      <line num="19" type="stmt" count="0"/>
      <line num="20" type="stmt" count="0"/>
      <line num="21" type="stmt" count="0"/>
      <line num="22" type="stmt" count="0"/>
      <line num="23" type="stmt" count="0"/>
      <line num="24" type="stmt" count="0"/>
      <line num="25" type="stmt" count="0"/>
      <line num="31" type="method" name="create" visibility="public" complexity="1" crap="2" count="0"/>
      <line num="35" type="stmt" count="0"/>
      <line num="38" type="method" name="getSourceState" visibility="public" complexity="1" crap="2" count="0"/>
      <line num="40" type="stmt" count="0"/>
      <line num="46" type="method" name="getTransitionStates" visibility="public" complexity="1" crap="2" count="0"/>
      <line num="48" type="stmt" count="0"/>
      <metrics loc="51" ncloc="41" classes="1" methods="4" coveredmethods="0" conditionals="0" coveredconditionals="0" statements="10" coveredstatements="0" elements="14" coveredelements="0"/>
    </file>
    <metrics files="3" loc="117" ncloc="107" classes="3" methods="12" coveredmethods="8" conditionals="0" coveredconditionals="0" statements="19" coveredstatements="9" elements="31" coveredelements="17"/>
  </project>
</coverage>
